<?xml version="1.0" encoding="UTF-8"?>
<testng-results skipped="0" failed="0" ignored="0" total="1" passed="1">
  <reporter-output>
  </reporter-output>
  <suite name="Default suite" duration-ms="68353" started-at="2021-07-01T19:04:32Z" finished-at="2021-07-01T19:05:40Z">
    <groups>
    </groups>
    <test name="Default test" duration-ms="68353" started-at="2021-07-01T19:04:32Z" finished-at="2021-07-01T19:05:40Z">
      <class name="com.flipkart.qa.testcase.PaymentTest">
        <test-method status="PASS" signature="setUp()[pri:0, instance:com.flipkart.qa.testcase.PaymentTest@47c62251]" name="setUp" is-config="true" duration-ms="34580" started-at="2021-07-01T12:04:32Z" finished-at="2021-07-01T12:05:07Z">
          <reporter-output>
          </reporter-output>
        </test-method> <!-- setUp -->
        <test-method status="PASS" signature="getMessage()[pri:2, instance:com.flipkart.qa.testcase.PaymentTest@47c62251]" name="getMessage" duration-ms="33643" started-at="2021-07-01T12:05:07Z" finished-at="2021-07-01T12:05:40Z">
          <reporter-output>
          </reporter-output>
        </test-method> <!-- getMessage -->
        <test-method status="PASS" signature="terminate()[pri:0, instance:com.flipkart.qa.testcase.PaymentTest@47c62251]" name="terminate" is-config="true" duration-ms="0" started-at="2021-07-01T12:05:40Z" finished-at="2021-07-01T12:05:40Z">
          <reporter-output>
          </reporter-output>
        </test-method> <!-- terminate -->
      </class> <!-- com.flipkart.qa.testcase.PaymentTest -->
    </test> <!-- Default test -->
  </suite> <!-- Default suite -->
</testng-results>
